((0,75),RGB(255,0,0))
((0,76),RGB(255,0,0))
((0,77),RGB(255,0,0))
((0,78),RGB(255,0,0))
((0,79),RGB(255,0,0))
((1,75),RGB(255,0,0))
((1,76),RGB(255,0,0))
((1,77),RGB(255,0,0))
((1,78),RGB(255,0,0))
((1,79),RGB(255,0,0))
((2,75),RGB(255,0,0))
((2,76),RGB(255,0,0))
((2,77),RGB(255,0,0))
((2,78),RGB(255,0,0))
((2,79),RGB(255,0,0))
((3,75),RGB(255,0,0))
((3,76),RGB(255,0,0))
((3,77),RGB(255,0,0))
((3,78),RGB(255,0,0))
((3,79),RGB(255,0,0))
((4,75),RGB(255,0,0))
((4,76),RGB(255,0,0))
((4,77),RGB(255,0,0))
((4,78),RGB(255,0,0))
((4,79),RGB(255,0,0))
